<?xml version="1.0" encoding="UTF-8"?>
<testng-results ignored="0" total="1" passed="1" failed="0" skipped="0">
  <reporter-output>
  </reporter-output>
  <suite started-at="2020-12-04T04:36:12 IST" name="Default suite" finished-at="2020-12-04T04:36:13 IST" duration-ms="835">
    <groups>
    </groups>
    <test started-at="2020-12-04T04:36:12 IST" name="Default test" finished-at="2020-12-04T04:36:13 IST" duration-ms="835">
      <class name="assertions.ReadExcel">
        <test-method is-config="true" signature="getExcel()[pri:0, instance:assertions.ReadExcel@a3d8174]" started-at="2020-12-04T04:36:12 IST" name="getExcel" finished-at="2020-12-04T04:36:13 IST" duration-ms="719" status="PASS">
          <reporter-output>
          </reporter-output>
        </test-method> <!-- getExcel -->
        <test-method signature="testExcel()[pri:0, instance:assertions.ReadExcel@a3d8174]" started-at="2020-12-04T04:36:13 IST" name="testExcel" finished-at="2020-12-04T04:36:13 IST" duration-ms="29" status="PASS">
          <reporter-output>
          </reporter-output>
        </test-method> <!-- testExcel -->
        <test-method is-config="true" signature="teardown()[pri:0, instance:assertions.ReadExcel@a3d8174]" started-at="2020-12-04T04:36:13 IST" name="teardown" finished-at="2020-12-04T04:36:13 IST" duration-ms="0" status="PASS">
          <reporter-output>
          </reporter-output>
        </test-method> <!-- teardown -->
      </class> <!-- assertions.ReadExcel -->
    </test> <!-- Default test -->
  </suite> <!-- Default suite -->
</testng-results>
